Message[303] E:\UNIVERSITY\XLAB5.X\LB5.ASM 2 : Program word too large.  Truncated to core size. (FF18)
Warning[205] E:\UNIVERSITY\XLAB5.X\LB5.ASM 3 : Found directive in column 1. (cblock)
Warning[205] E:\UNIVERSITY\XLAB5.X\LB5.ASM 10 : Found directive in column 1. (ENDC)
Error[113]   E:\UNIVERSITY\XLAB5.X\LB5.ASM 21 : Symbol not previously defined (STATUS)
Error[113]   E:\UNIVERSITY\XLAB5.X\LB5.ASM 21 : Symbol not previously defined (RP0)
Error[113]   E:\UNIVERSITY\XLAB5.X\LB5.ASM 23 : Symbol not previously defined (TRISA)
Error[113]   E:\UNIVERSITY\XLAB5.X\LB5.ASM 25 : Symbol not previously defined (TRISB)
Error[113]   E:\UNIVERSITY\XLAB5.X\LB5.ASM 26 : Symbol not previously defined (STATUS)
Error[113]   E:\UNIVERSITY\XLAB5.X\LB5.ASM 26 : Symbol not previously defined (RP0)
Error[113]   E:\UNIVERSITY\XLAB5.X\LB5.ASM 29 : Symbol not previously defined (PORTA)
Error[113]   E:\UNIVERSITY\XLAB5.X\LB5.ASM 30 : Symbol not previously defined (PORTB)
Error[113]   E:\UNIVERSITY\XLAB5.X\LB5.ASM 35 : Symbol not previously defined (PORTA)
Error[113]   E:\UNIVERSITY\XLAB5.X\LB5.ASM 38 : Symbol not previously defined (PORTA)
Error[113]   E:\UNIVERSITY\XLAB5.X\LB5.ASM 41 : Symbol not previously defined (PORTA)
Error[113]   E:\UNIVERSITY\XLAB5.X\LB5.ASM 44 : Symbol not previously defined (PORTA)
Error[113]   E:\UNIVERSITY\XLAB5.X\LB5.ASM 47 : Symbol not previously defined (PORTA)
Error[113]   E:\UNIVERSITY\XLAB5.X\LB5.ASM 50 : Symbol not previously defined (PORTB)
Error[113]   E:\UNIVERSITY\XLAB5.X\LB5.ASM 51 : Symbol not previously defined (PORTA)
Error[113]   E:\UNIVERSITY\XLAB5.X\LB5.ASM 53 : Symbol not previously defined (PORTB)
Error[113]   E:\UNIVERSITY\XLAB5.X\LB5.ASM 56 : Symbol not previously defined (STATUS)
Error[113]   E:\UNIVERSITY\XLAB5.X\LB5.ASM 56 : Symbol not previously defined (C)
Error[113]   E:\UNIVERSITY\XLAB5.X\LB5.ASM 59 : Symbol not previously defined (PORTA)
Error[113]   E:\UNIVERSITY\XLAB5.X\LB5.ASM 62 : Symbol not previously defined (STATUS)
Error[113]   E:\UNIVERSITY\XLAB5.X\LB5.ASM 62 : Symbol not previously defined (Z)
Message[303] E:\UNIVERSITY\XLAB5.X\LB5.ASM 94 : Program word too large.  Truncated to core size. (FF18)
