MPASM 5.71                           LB6.ASM   3-18-2017  11:50:52         PAGE  1


LOC  OBJECT CODE     LINE SOURCE TEXT
  VALUE

                      00001         LIST    p=16F84A
Message[303]: Program word too large.  Truncated to core size. (FF18)
2007   3F18           00002         __CONFIG        03FF18
  00000003            00003 status  equ     03h
  00000005            00004 porta   equ     05h
  00000005            00005 trisa   equ     05h
  00000006            00006 portb   equ     06h
  00000006            00007 trisb   equ     06h
  00000004            00008 fsr     equ     04h
  00000000            00009 indf    equ     00h
  00000081            00010 OPTION_REG      equ     81
  00000020            00011 num1    equ     0x20
  00000021            00012 num2    equ     0x21
  00000022            00013 num3    equ     0x22
  00000020            00014 c_pass  set     0x20
  00000030            00015 c_adr   set     0x30
  00000009            00016 offset  equ     0x09
  00000003            00017 n       set     .3
  0000000A            00018 flag    set     0xA
  00000019            00019 elem    equ     0x19
                      00020 
                      00021         org 0
                      00022 
0000   1683           00023         bsf     status,5
0001   3010           00024         movlw   0x10
0002   0085           00025         movwf   trisa
0003   30F8           00026         movlw   0xf8
0004   0086           00027         movwf   trisb
                      00028                         
Message[302]: Register in operand not in bank 0.  Ensure that bank bits are correct.
0005   1381           00029         bcf     OPTION_REG,7
0006   1283           00030         bcf     status,5
                      00031 
0007   0185           00032         clrf    porta
0008   0186           00033         clrf    portb
0009   0189           00034         clrf    offset
000A   018A           00035         clrf    flag
000B   0199           00036         clrf    elem
000C   3003           00037         movlw   .3
000D   00A0           00038         movwf   num1
000E   3004           00039         movlw   .4
000F   00A1           00040         movwf   num2
0010   3003           00041         movlw   .3
0011   00A2           00042         movwf   num3
                      00043 
0012   1006           00044 Column1 bcf     portb,0
0013   1486           00045         bsf     portb,1
0014   1506           00046         bsf     portb,2 
0015   1986           00047 Check1  btfsc   portb,3
0016   2???           00048         goto    Check4
                      00049 
0017   3003           00050         movlw   .3
0018   0099           00051         movwf   elem
MPASM 5.71                           LB6.ASM   3-18-2017  11:50:52         PAGE  2


LOC  OBJECT CODE     LINE SOURCE TEXT
  VALUE

0019   0085           00052         movwf   porta
001A   180A           00053         btfsc   flag,0
001B   2???           00054         goto    write
                      00055                         
001C   1A06           00056 Check4  btfsc   portb,4
001D   2???           00057         goto    Check7
                      00058 
001E   3006           00059         movlw   .6
001F   0099           00060         movwf   elem
0020   0085           00061         movwf   porta
0021   180A           00062         btfsc   flag,0
0022   2???           00063         goto    write
                      00064                         
0023   1A86           00065 Check7  btfsc   portb,5
0024   2???           00066         goto    Check11
                      00067 
0025   3009           00068         movlw   .9
0026   0099           00069         movwf   elem
0027   0085           00070         movwf   porta
0028   180A           00071         btfsc   flag,0
0029   2???           00072         goto    write
                      00073                 
002A   1B06           00074 Check11 btfsc   portb,6
002B   2???           00075         goto    Column2
                      00076 
002C   300B           00077         movlw   .11
002D   0099           00078         movwf   elem
002E   0085           00079         movwf   porta
002F   180A           00080         btfsc   flag,0
0030   2???           00081         goto    write
                      00082                                 
0031   1406           00083 Column2 bsf     portb,0
0032   1086           00084         bcf     portb,1
0033   1506           00085         bsf     portb,2
                      00086                         
0034   1986           00087 Check2  btfsc   portb,3
0035   2???           00088         goto    Check5
                      00089 
0036   3002           00090         movlw   .2
0037   0099           00091         movwf   elem
0038   0085           00092         movwf   porta
0039   180A           00093         btfsc   flag,0
003A   2???           00094         goto    write
                      00095                         
003B   1A06           00096 Check5  btfsc   portb,4
003C   2???           00097         goto    Check8
                      00098 
003D   3005           00099         movlw   .5
003E   0099           00100         movwf   elem
003F   0085           00101         movwf   porta
0040   180A           00102         btfsc   flag,0
0041   2???           00103         goto    write
                      00104                         
MPASM 5.71                           LB6.ASM   3-18-2017  11:50:52         PAGE  3


LOC  OBJECT CODE     LINE SOURCE TEXT
  VALUE

0042   1A86           00105 Check8  btfsc   portb,5
0043   2???           00106         goto    Check12
                      00107 
0044   3008           00108         movlw   .8
0045   0099           00109         movwf   elem
0046   0085           00110         movwf   porta
0047   180A           00111         btfsc   flag,0
0048   2???           00112         goto    write
                      00113                 
0049   1B06           00114 Check12 btfsc   portb,6
004A   2???           00115         goto    Column3
                      00116 
004B   3000           00117         movlw   .0
004C   0085           00118         movwf   porta
004D   3000           00119         movlw   .0
004E   008A           00120         movwf   flag
                      00121 
004F   1406           00122 Column3 bsf     portb,0
0050   1486           00123         bsf     portb,1
0051   1106           00124         bcf     portb,2
                      00125                         
0052   1986           00126 Check3  btfsc   portb,3
0053   2???           00127         goto    Check6
                      00128 
0054   3001           00129         movlw   .1
0055   0099           00130         movwf   elem
0056   0085           00131         movwf   porta
0057   180A           00132         btfsc   flag,0
0058   2???           00133         goto    write
                      00134                         
0059   1A06           00135 Check6  btfsc   portb,4
005A   2???           00136         goto    Check9
                      00137 
005B   3004           00138         movlw   .4
005C   0099           00139         movwf   elem
005D   0085           00140         movwf   porta
005E   180A           00141         btfsc   flag,0
005F   2???           00142         goto    write
                      00143                         
0060   1A86           00144 Check9  btfsc   portb,5
0061   2???           00145         goto    Check13
                      00146 
0062   3007           00147         movlw   .7
0063   0099           00148         movwf   elem
0064   0085           00149         movwf   porta
0065   180A           00150         btfsc   flag,0
0066   2???           00151         goto    write
                      00152                 
0067   1B06           00153 Check13 btfsc   portb,6
0068   2???           00154         goto    Column1
                      00155 
0069   300C           00156         movlw   0xC
006A   0085           00157         movwf   porta
MPASM 5.71                           LB6.ASM   3-18-2017  11:50:52         PAGE  4


LOC  OBJECT CODE     LINE SOURCE TEXT
  VALUE

006B   3001           00158         movlw   .1
006C   008A           00159         movwf   flag
                      00160                 
006D   2???           00161         goto    Column1
                      00162 
006E                  00163 true
006E   300A           00164         movlw   0xA
006F   0085           00165         movwf   porta
0070   018A           00166         clrf    flag
0071   0189           00167         clrf    offset
0072   2???           00168         goto    Column1
                      00169 
0073                  00170 false
0073   300D           00171         movlw   0xD
0074   0085           00172         movwf   porta
0075   018A           00173         clrf    flag
0076   0189           00174         clrf    offset
0077   2???           00175         goto    Column1
                      00176 
0078                  00177 write   
0078   0819           00178         movf    elem,0
0079   0809           00179         movf    offset,0
007A   3E30           00180         addlw   c_adr
007B   0084           00181         movwf   fsr
007C   0819           00182         movf    elem,0
007D   0080           00183         movwf   indf
                      00184 
007E   0A89           00185         INCF    offset,0x1
007F   3003           00186         MOVLW   n     
0080   0209           00187         SUBWF   offset,0   
0081   1C03           00188         BTFSS   status,0  
0082   2???           00189         GOTO    Column1   
0083   2???           00190         goto    check
                      00191 
0084                  00192 check
0084   0189           00193         clrf    offset
0085                  00194 next
0085   0809           00195         movf    offset,0        
0086   3E20           00196         addlw   c_pass          
0087   0084           00197         movwf   fsr             
0088   0800           00198         movf    indf,0          
0089   0099           00199         movwf   elem
                      00200 
008A   0809           00201         movf    offset,0        
008B   3E30           00202         addlw   c_adr           
008C   0084           00203         movwf   fsr             
008D   0800           00204         movf    indf,0          
                      00205         
Message[305]: Using default destination of 1 (file).
008E   0699           00206         xorwf   elem
008F   1D03           00207         btfss   status,2
0090   2???           00208         goto    false
                      00209         
MPASM 5.71                           LB6.ASM   3-18-2017  11:50:52         PAGE  5


LOC  OBJECT CODE     LINE SOURCE TEXT
  VALUE

0091   0A89           00210         INCF    offset,0x1
0092   3003           00211         MOVLW   n     
0093   0209           00212         SUBWF   offset,0   
0094   1C03           00213         BTFSS   status,0  
0095   2???           00214         GOTO    Column1   
0096   2???           00215         goto    true
                      00216 
Message[303]: Program word too large.  Truncated to core size. (FF18)
3F18                  00217         end
MPASM 5.71                           LB6.ASM   3-18-2017  11:50:52         PAGE  6


SYMBOL TABLE
  LABEL                             VALUE 

Check1                            00000015
Check11                           0000002A
Check12                           00000049
Check13                           00000067
Check2                            00000034
Check3                            00000052
Check4                            0000001C
Check5                            0000003B
Check6                            00000059
Check7                            00000023
Check8                            00000042
Check9                            00000060
Column1                           00000012
Column2                           00000031
Column3                           0000004F
OPTION_REG                        00000081
__16F84A                          00000001
c_adr                             00000030
c_pass                            00000020
check                             00000084
elem                              00000019
false                             00000073
flag                              0000000A
fsr                               00000004
indf                              00000000
n                                 00000003
next                              00000085
num1                              00000020
num2                              00000021
num3                              00000022
offset                            00000009
porta                             00000005
portb                             00000006
status                            00000003
trisa                             00000005
trisb                             00000006
true                              0000006E
write                             00000078

Errors   :     0
Warnings :     0 reported,     0 suppressed
Messages :     4 reported,     0 suppressed

